{"message":"user.generateAuthtokoen is not a function","stack":"TypeError: user.generateAuthtokoen is not a function\n    at /Users/sebastian/Desktop/WP Monia/coderscamp/nodejs/ToDoNodejs/routes/users.js:33:24\n    at processTicksAndRejections (internal/process/task_queues.js:93:5)","level":"error","timestamp":"2019-12-18T11:47:06.097Z"}
{"message":"user.generateAuthTokoen is not a function","stack":"TypeError: user.generateAuthTokoen is not a function\n    at /Users/sebastian/Desktop/WP Monia/coderscamp/nodejs/ToDoNodejs/routes/users.js:33:24\n    at processTicksAndRejections (internal/process/task_queues.js:93:5)","level":"error","timestamp":"2019-12-18T11:48:59.799Z"}
{"level":"info","message":"Listening on port 3000...","timestamp":"2019-12-18T12:53:03.447Z"}
{"level":"info","message":"Listening on port 3000...","timestamp":"2019-12-18T12:54:18.253Z"}
{"level":"info","message":"Connected to MongoDB...","timestamp":"2019-12-18T12:54:18.321Z"}
{"level":"info","message":"Listening on port 3000...","timestamp":"2019-12-18T12:55:57.748Z"}
{"level":"info","message":"Connected to MongoDB...","timestamp":"2019-12-18T12:55:57.848Z"}
{"level":"info","message":"Listening on port 3000...","timestamp":"2019-12-18T13:20:31.874Z"}
{"level":"info","message":"Connected to MongoDB...","timestamp":"2019-12-18T13:20:31.948Z"}
{"level":"info","message":"Listening on port 3000...","timestamp":"2019-12-18T15:00:20.437Z"}
{"level":"info","message":"Connected to MongoDB...","timestamp":"2019-12-18T15:00:20.502Z"}
{"level":"info","message":"Listening on port 3000...","timestamp":"2019-12-21T16:28:21.707Z"}
{"level":"info","message":"Connected to mongodb://localhost/ToDoList..","timestamp":"2019-12-21T16:28:21.777Z"}
{"level":"info","message":"Listening on port 3000...","timestamp":"2019-12-22T14:02:47.291Z"}
{"level":"info","message":"Connected to mongodb://localhost/ToDoList..","timestamp":"2019-12-22T14:02:47.341Z"}
{"message":"user.generateAuthtokoen is not a function","stack":"TypeError: user.generateAuthtokoen is not a function\n    at /Users/sebastian/Desktop/WP Monia/coderscamp/nodejs/ToDoNodejs/routes/auth.js:21:24","level":"error","timestamp":"2019-12-22T14:03:07.871Z"}
{"level":"info","message":"Listening on port 3000...","timestamp":"2019-12-22T14:06:03.358Z"}
{"level":"info","message":"Connected to mongodb://localhost/ToDoList..","timestamp":"2019-12-22T14:06:03.400Z"}
{"level":"info","message":"Listening on port 3000...","timestamp":"2019-12-22T14:06:35.962Z"}
{"level":"info","message":"Connected to mongodb://localhost/ToDoList..","timestamp":"2019-12-22T14:06:36.005Z"}
{"level":"info","message":"Listening on port 3000...","timestamp":"2019-12-22T14:27:40.935Z"}
{"level":"info","message":"Connected to mongodb://localhost/ToDoList..","timestamp":"2019-12-22T14:27:40.985Z"}
{"message":"user.generateAuthtokoen is not a function","stack":"TypeError: user.generateAuthtokoen is not a function\n    at /Users/sebastian/Desktop/WP Monia/coderscamp/nodejs/ToDoNodejs/routes/auth.js:21:24","level":"error","timestamp":"2019-12-22T14:28:46.439Z"}
{"level":"info","message":"Listening on port 3000...","timestamp":"2019-12-22T14:29:34.010Z"}
{"level":"info","message":"Connected to mongodb://localhost/ToDoList..","timestamp":"2019-12-22T14:29:34.055Z"}
{"message":"user.generateAuthtoken is not a function","stack":"TypeError: user.generateAuthtoken is not a function\n    at /Users/sebastian/Desktop/WP Monia/coderscamp/nodejs/ToDoNodejs/routes/auth.js:21:24","level":"error","timestamp":"2019-12-22T14:29:38.610Z"}
{"level":"info","message":"Listening on port 3000...","timestamp":"2019-12-22T14:30:25.633Z"}
{"level":"info","message":"Connected to mongodb://localhost/ToDoList..","timestamp":"2019-12-22T14:30:25.670Z"}
